<?xml version="1.0" encoding="UTF-8"?>
<!-- Generated by org.testng.reporters.JUnitXMLReporter -->
<testsuite ignored="0" hostname="DESKTOP-I05SNBG" failures="0" tests="2" name="dropdown" time="65.837" errors="0" timestamp="2024-11-07T16:59:31 IST">
  <testcase classname="testcases.dropdown" name="@AfterTest close" time="0.002">
    <failure type="java.lang.NullPointerException" message="Cannot invoke &amp;quot;org.openqa.selenium.WebDriver.quit()&amp;quot; because &amp;quot;this.driver&amp;quot; is null">
      <![CDATA[java.lang.NullPointerException: Cannot invoke "org.openqa.selenium.WebDriver.quit()" because "this.driver" is null
at testcases.dropdown.close(dropdown.java:56)
... Removed 22 stack frames]]>
    </failure>
  </testcase> <!-- @AfterTest close -->
  <testcase classname="testcases.dropdown$dropdownn" name="test" time="33.048"/>
  <testcase classname="testcases.dropdown" name="googlr" time="32.734"/>
</testsuite> <!-- dropdown -->
