<?xml version="1.0" encoding="UTF-8"?>
<testng-results ignored="0" total="2" passed="2" failed="0" skipped="0">
  <reporter-output>
  </reporter-output>
  <suite started-at="2024-11-07T16:58:25 IST" name="ParameterSuite" finished-at="2024-11-07T16:59:31 IST" duration-ms="65837">
    <groups>
    </groups>
    <test started-at="2024-11-07T16:58:25 IST" name="dropdown" finished-at="2024-11-07T16:59:31 IST" duration-ms="65837">
      <class name="testcases.dropdown">
        <test-method signature="googlr()[pri:0, instance:testcases.dropdown@747ddf94]" started-at="2024-11-07T16:58:58 IST" name="googlr" finished-at="2024-11-07T16:59:31 IST" duration-ms="32734" status="PASS">
          <reporter-output>
          </reporter-output>
        </test-method> <!-- googlr -->
        <test-method is-config="true" signature="close()[pri:0, instance:testcases.dropdown@747ddf94]" started-at="2024-11-07T16:59:31 IST" name="close" finished-at="2024-11-07T16:59:31 IST" duration-ms="2" status="FAIL">
          <exception class="java.lang.NullPointerException">
            <message>
              <![CDATA[Cannot invoke "org.openqa.selenium.WebDriver.quit()" because "this.driver" is null]]>
            </message>
            <full-stacktrace>
              <![CDATA[java.lang.NullPointerException: Cannot invoke "org.openqa.selenium.WebDriver.quit()" because "this.driver" is null
at testcases.dropdown.close(dropdown.java:56)
at java.base/jdk.internal.reflect.DirectMethodHandleAccessor.invoke(DirectMethodHandleAccessor.java:103)
at java.base/java.lang.reflect.Method.invoke(Method.java:580)
at org.testng.internal.MethodInvocationHelper.invokeMethod(MethodInvocationHelper.java:133)
at org.testng.internal.MethodInvocationHelper.invokeMethodConsideringTimeout(MethodInvocationHelper.java:62)
at org.testng.internal.ConfigInvoker.invokeConfigurationMethod(ConfigInvoker.java:385)
at org.testng.internal.ConfigInvoker.invokeConfigurations(ConfigInvoker.java:321)
at org.testng.TestRunner.invokeTestConfigurations(TestRunner.java:637)
at org.testng.TestRunner.afterRun(TestRunner.java:877)
at org.testng.TestRunner.run(TestRunner.java:599)
at org.testng.SuiteRunner.runTest(SuiteRunner.java:377)
at org.testng.SuiteRunner.runSequentially(SuiteRunner.java:371)
at org.testng.SuiteRunner.privateRun(SuiteRunner.java:332)
at org.testng.SuiteRunner.run(SuiteRunner.java:276)
at org.testng.SuiteRunnerWorker.runSuite(SuiteRunnerWorker.java:53)
at org.testng.SuiteRunnerWorker.run(SuiteRunnerWorker.java:96)
at org.testng.TestNG.runSuitesSequentially(TestNG.java:1212)
at org.testng.TestNG.runSuitesLocally(TestNG.java:1134)
at org.testng.TestNG.runSuites(TestNG.java:1063)
at org.testng.TestNG.run(TestNG.java:1031)
at org.testng.remote.AbstractRemoteTestNG.run(AbstractRemoteTestNG.java:115)
at org.testng.remote.RemoteTestNG.initAndRun(RemoteTestNG.java:293)
at org.testng.remote.RemoteTestNG.main(RemoteTestNG.java:91)
]]>
            </full-stacktrace>
          </exception> <!-- java.lang.NullPointerException -->
          <reporter-output>
          </reporter-output>
        </test-method> <!-- close -->
      </class> <!-- testcases.dropdown -->
      <class name="testcases.dropdown$dropdownn">
        <test-method signature="test()[pri:0, instance:testcases.dropdown$dropdownn@293a5bf6]" started-at="2024-11-07T16:58:25 IST" name="test" finished-at="2024-11-07T16:58:58 IST" duration-ms="33048" status="PASS">
          <reporter-output>
          </reporter-output>
        </test-method> <!-- test -->
      </class> <!-- testcases.dropdown$dropdownn -->
    </test> <!-- dropdown -->
  </suite> <!-- ParameterSuite -->
</testng-results>
